<?xml version="1.0" encoding="UTF-8"?>
<robot generator="Robot 4.0.3 (Python 3.8.10 on win32)" generated="20210719 18:12:23.452" rpa="false" schemaversion="2">
<suite id="s1" name="OFF5th Sample" source="C:\Nightwatch\RobotFramework1\WebDemo\login_tests\OFF5th_Sample.robot">
<test id="s1-t1" name="TC-03 Email subcription">
<kw name="Given Launch the saksOFF5th application" library="commonsfcc">
<kw name="Open Application" library="AppiumLibrary">
<arg>${REMOTE_URL}</arg>
<arg>platformName=${PLATFORM_NAME}</arg>
<arg>platformVersion=${PLATFORM_VERSION}</arg>
<arg>deviceName=${DEVICE_NAME}</arg>
<arg>automationName=UiAutomator2</arg>
<arg>appActivity=com.follow.saksoff5th.MainActivity</arg>
<arg>appPackage=com.follow.sakso5.stg</arg>
<arg>appWaitDuration=150000</arg>
<arg>appWaitForLaunch=true</arg>
<doc>Opens a new application to given Appium server.
Capabilities of appium server, Android and iOS,
Please check https://github.com/appium/appium/blob/master/docs/en/writing-running-appium/server-args.md
| *Option*            | *Man.* | *Description*     |
| remote_url          | Yes    | Appium server url |
| alias               | no     | alias             |</doc>
<status status="PASS" starttime="20210719 18:12:25.475" endtime="20210719 18:14:25.647"/>
</kw>
<status status="PASS" starttime="20210719 18:12:25.473" endtime="20210719 18:14:25.649"/>
</kw>
<kw name="When Email subcription" library="commonsfcc">
<kw name="Wait Until Element Is Visible" library="AppiumLibrary">
<arg>${shop}</arg>
<arg>timeout=120s</arg>
<doc>Waits until element specified with `locator` is visible.</doc>
<status status="PASS" starttime="20210719 18:14:25.652" endtime="20210719 18:14:45.384"/>
</kw>
<kw name="Click Element" library="AppiumLibrary">
<arg>${shop}</arg>
<doc>Click element identified by `locator`.</doc>
<msg timestamp="20210719 18:14:45.406" level="INFO">Clicking element 'xpath=//android.widget.FrameLayout[2]/android.widget.TextView[@text="Shop"]'.</msg>
<status status="PASS" starttime="20210719 18:14:45.384" endtime="20210719 18:14:54.822"/>
</kw>
<kw name="Input Text" library="AppiumLibrary">
<arg>${emailTextfield}</arg>
<arg>${ValidEmail}</arg>
<doc>Types the given `text` into text field identified by `locator`.</doc>
<msg timestamp="20210719 18:14:54.853" level="INFO">Typing text 'Tony@gmail.com' into text field 'id=android.widget.EditText:id/login-form-email'</msg>
<kw name="Capture Page Screenshot" library="AppiumLibrary">
<doc>Takes a screenshot of the current page and embeds it into the log.</doc>
<msg timestamp="20210719 18:15:12.636" level="INFO" html="true">&lt;/td&gt;&lt;/tr&gt;&lt;tr&gt;&lt;td colspan="3"&gt;&lt;a href="appium-screenshot-1.png"&gt;&lt;img src="appium-screenshot-1.png" width="800px"&gt;&lt;/a&gt;</msg>
<status status="PASS" starttime="20210719 18:14:56.146" endtime="20210719 18:15:12.636"/>
</kw>
<msg timestamp="20210719 18:15:12.640" level="FAIL">ValueError: Element locator 'id=android.widget.EditText:id/login-form-email' did not match any elements.</msg>
<status status="FAIL" starttime="20210719 18:14:54.822" endtime="20210719 18:15:12.640"/>
</kw>
<status status="FAIL" starttime="20210719 18:14:25.651" endtime="20210719 18:15:12.640"/>
</kw>
<status status="FAIL" starttime="20210719 18:12:25.470" endtime="20210719 18:15:12.643">ValueError: Element locator 'id=android.widget.EditText:id/login-form-email' did not match any elements.</status>
</test>
<status status="FAIL" starttime="20210719 18:12:23.466" endtime="20210719 18:15:12.648"/>
</suite>
<statistics>
<total>
<stat pass="0" fail="1" skip="0">All Tests</stat>
</total>
<tag>
</tag>
<suite>
<stat pass="0" fail="1" skip="0" id="s1" name="OFF5th Sample">OFF5th Sample</stat>
</suite>
</statistics>
<errors>
</errors>
</robot>
