<?xml version="1.0" encoding="UTF-8"?>
<robot generator="Robot 4.0.3 (Python 3.8.10 on win32)" generated="20210729 18:04:39.349" rpa="false" schemaversion="2">
<suite id="s1" name="06 Accounts" source="C:\Nightwatch\OFF5thApp_RobotFramework\OFF5th_RobotFramework\Regression\CriticalRegression\06_Accounts.robot">
<test id="s1-t1" name="OFA_31 - Account - Create new account with valid details.">
<kw name="Given I am on the app" library="commonsfcc">
<kw name="Open Application" library="AppiumLibrary">
<arg>${REMOTE_URL}</arg>
<arg>platformName=${PLATFORM_NAME}</arg>
<arg>platformVersion=${PLATFORM_VERSION}</arg>
<arg>deviceName=${DEVICE_NAME}</arg>
<arg>automationName=UiAutomator2</arg>
<arg>appActivity=com.follow.saksoff5th.MainActivity</arg>
<arg>appPackage=com.follow.sakso5.stg</arg>
<arg>appWaitDuration=150000</arg>
<arg>appWaitForLaunch=true</arg>
<doc>Opens a new application to given Appium server.
Capabilities of appium server, Android and iOS,
Please check https://github.com/appium/appium/blob/master/docs/en/writing-running-appium/server-args.md
| *Option*            | *Man.* | *Description*     |
| remote_url          | Yes    | Appium server url |
| alias               | no     | alias             |</doc>
<status status="PASS" starttime="20210729 18:04:42.306" endtime="20210729 18:05:46.873"/>
</kw>
<status status="PASS" starttime="20210729 18:04:42.305" endtime="20210729 18:05:46.874"/>
</kw>
<kw name="When I click on text" library="commonsfcc">
<arg>Account</arg>
<kw name="Wait Until Page Contains" library="AppiumLibrary">
<arg>${text}</arg>
<arg>timeout=${globaltimeout}</arg>
<doc>Waits until `text` appears on current page.</doc>
<status status="PASS" starttime="20210729 18:05:46.877" endtime="20210729 18:06:07.039"/>
</kw>
<kw name="Click Text" library="AppiumLibrary">
<arg>${text}</arg>
<doc>Click text identified by ``text``.</doc>
<status status="PASS" starttime="20210729 18:06:07.039" endtime="20210729 18:06:13.718"/>
</kw>
<status status="PASS" starttime="20210729 18:05:46.875" endtime="20210729 18:06:13.719"/>
</kw>
<kw name="Verify Screen Displays text" library="commonsfcc">
<arg>CREATE ACCOUNT</arg>
<kw name="Wait Until Page Contains" library="AppiumLibrary">
<arg>${ExpectedElement}</arg>
<arg>timeout=${globaltimeout}</arg>
<doc>Waits until `text` appears on current page.</doc>
<msg timestamp="20210729 18:09:18.078" level="INFO">&lt;?xml version='1.0' encoding='UTF-8' standalone='yes' ?&gt;
&lt;hierarchy index="0" class="hierarchy" rotation="0" width="1440" height="2768"&gt;
  &lt;android.widget.FrameLayout index="0" package="com.follow.sakso5.stg" class="android.widget.FrameLayout" text="" checkable="false" checked="false" clickable="false" enabled="true" focusable="false" focused="false" long-clickable="false" password="false" scrollable="false" selected="false" bounds="[0,0][1440,2768]" displayed="true"&gt;
    &lt;android.widget.LinearLayout index="0" package="com.follow.sakso5.stg" class="android.widget.LinearLayout" text="" checkable="false" checked="false" clickable="false" enabled="true" focusable="false" focused="false" long-clickable="false" password="false" scrollable="false" selected="false" bounds="[0,0][1440,2768]" displayed="true"&gt;
      &lt;android.widget.FrameLayout index="0" package="com.follow.sakso5.stg" class="android.widget.FrameLayout" text="" checkable="false" checked="false" clickable="false" enabled="true" focusable="false" focused="false" long-clickable="false" password="false" scrollable="false" selected="false" bounds="[0,96][1440,2768]" displayed="true"&gt;
        &lt;android.widget.LinearLayout index="0" package="com.follow.sakso5.stg" class="android.widget.LinearLayout" text="" resource-id="com.follow.sakso5.stg:id/action_bar_root" checkable="false" checked="false" clickable="false" enabled="true" focusable="false" focused="false" long-clickable="false" password="false" scrollable="false" selected="false" bounds="[0,96][1440,2768]" displayed="true"&gt;
          &lt;android.widget.FrameLayout index="0" package="com.follow.sakso5.stg" class="android.widget.FrameLayout" text="" resource-id="android:id/content" checkable="false" checked="false" clickable="false" enabled="true" focusable="false" focused="false" long-clickable="false" password="false" scrollable="false" selected="false" bounds="[0,96][1440,2768]" displayed="true"&gt;
            &lt;android.view.ViewGroup index="0" package="com.follow.sakso5.stg" class="android.view.ViewGroup" text="" resource-id="com.follow.sakso5.stg:id/main_container" checkable="false" checked="false" clickable="false" enabled="true" focusable="false" focused="false" long-clickable="false" password="false" scrollable="false" selected="false" bounds="[0,96][1440,2768]" displayed="true"&gt;
              &lt;android.widget.FrameLayout index="0" package="com.follow.sakso5.stg" class="android.widget.FrameLayout" text="" resource-id="com.follow.sakso5.stg:id/browser_container" checkable="false" checked="false" clickable="false" enabled="true" focusable="false" focused="false" long-clickable="false" password="false" scrollable="false" selected="false" bounds="[0,96][1440,2768]" displayed="true" /&gt;
              &lt;android.widget.FrameLayout index="1" package="com.follow.sakso5.stg" class="android.widget.FrameLayout" text="" resource-id="com.follow.sakso5.stg:id/user_overlay_container" checkable="false" checked="false" clickable="false" enabled="true" focusable="false" focused="false" long-clickable="false" password="false" scrollable="false" selected="false" bounds="[0,96][1440,2768]" displayed="true" /&gt;
              &lt;android.widget.FrameLayout index="2" package="com.follow.sakso5.stg" class="android.widget.FrameLayout" text="" resource-id="com.follow.sakso5.stg:id/section_overlay_container" checkable="false" checked="false" clickable="false" enabled="true" focusable="false" focused="false" long-clickable="false" password="false" scrollable="false" selected="false" bounds="[0,96][1440,2544]" displayed="true" /&gt;
              &lt;android.widget.FrameLayout index="3" package="com.follow.sakso5.stg" class="android.widget.FrameLayout" text="" resource-id="com.follow.sakso5.stg:id/container" checkable="false" checked="false" clickable="false" enabled="true" focusable="false" focused="false" long-clickable="false" password="false" scrollable="false" selected="false" bounds="[0,96][1440,2544]" displayed="true"&gt;
                &lt;androidx.drawerlayout.widget.DrawerLayout index="0" package="com.follow.sakso5.stg" class="androidx.drawerlayout.widget.DrawerLayout" text="" resource-id="com.follow.sakso5.stg:id/drawer_layout" checkable="false" checked="false" clickable="false" enabled="true" focusable="false" focused="false" long-clickable="false" password="false" scrollable="false" selected="false" bounds="[0,96][1440,2544]" displayed="true"&gt;
                  &lt;android.view.ViewGroup index="0" package="com.follow.sakso5.stg" class="android.view.ViewGroup" text="" checkable="false" checked="false" clickable="false" enabled="true" focusable="false" focused="false" long-clickable="false" password="false" scrollable="false" selected="false" bounds="[0,96][1440,2544]" displayed="true"&gt;
                    &lt;android.widget.FrameLayout index="0" package="com.follow.sakso5.stg" class="android.widget.FrameLayout" text="" resource-id="com.follow.sakso5.stg:id/navbar_container" checkable="false" checked="false" clickable="false" enabled="true" focusable="false" focused="false" long-clickable="false" password="false" scrollable="false" selected="false" bounds="[0,96][1440,320]" displayed="true"&gt;
                      &lt;android.view.ViewGroup index="0" package="com.follow.sakso5.stg" class="android.view.ViewGroup" text="" resource-id="com.follow.sakso5.stg:id/navbar" checkable="false" checked="false" clickable="false" enabled="true" focusable="false" focused="false" long-clickable="false" password="false" scrollable="false" selected="false" bounds="[0,96][1440,320]" displayed="true"&gt;
                        &lt;android.widget.TextView index="1" package="com.follow.sakso5.stg" class="android.widget.TextView" text="ACCOUNT" resource-id="com.follow.sakso5.stg:id/navbar_textview" checkable="false" checked="false" clickable="true" enabled="true" focusable="true" focused="false" long-clickable="false" password="false" scrollable="false" selected="false" bounds="[168,170][1272,246]" displayed="true" /&gt;
                        &lt;android.widget.LinearLayout index="2" package="com.follow.sakso5.stg" class="android.widget.LinearLayout" text="" resource-id="com.follow.sakso5.stg:id/rightButtonsContainer" checkable="false" checked="false" clickable="false" enabled="true" focusable="false" focused="false" long-clickable="false" password="false" scrollable="false" selected="false" bounds="[1272,96][1372,320]" displayed="true"&gt;
                          &lt;android.widget.FrameLayout index="0" package="com.follow.sakso5.stg" class="android.widget.FrameLayout" text="" checkable="false" checked="false" clickable="true" enabled="true" focusable="true" focused="false" long-clickable="false" password="false" scrollable="false" selected="false" bounds="[1272,158][1372,258]" displayed="true"&gt;
                            &lt;android.widget.ImageView index="0" package="com.follow.sakso5.stg" class="android.widget.ImageView" text="" content-desc="Navbar button" resource-id="com.follow.sakso5.stg:id/button_image" checkable="false" checked="false" clickable="false" enabled="true" focusable="false" focused="false" long-clickable="false" password="false" scrollable="false" selected="false" bounds="[1272,158][1372,258]" displayed="true" /&gt;
                          &lt;/android.widget.FrameLayout&gt;
                        &lt;/android.widget.LinearLayout&gt;
                      &lt;/android.view.ViewGroup&gt;
                    &lt;/android.widget.FrameLayout&gt;
                    &lt;android.view.View index="1" package="com.follow.sakso5.stg" class="android.view.View" text="" resource-id="com.follow.sakso5.stg:id/navbar_bottom_border" checkable="false" checked="false" clickable="false" enabled="true" focusable="false" focused="false" long-clickable="false" password="false" scrollable="false" selected="false" bounds="[0,317][1440,320]" displayed="true" /&gt;
                    &lt;android.widget.FrameLayout index="2" package="com.follow.sakso5.stg" class="android.widget.FrameLayout" text="" resource-id="com.follow.sakso5.stg:id/navbar_webview_container" checkable="false" checked="false" clickable="false" enabled="true" focusable="false" focused="false" long-clickable="false" password="false" scrollable="false" selected="false" bounds="[0,320][1440,2544]" displayed="true"&gt;
                      &lt;android.view.ViewGroup index="0" package="com.follow.sakso5.stg" class="android.view.ViewGroup" text="" resource-id="com.follow.sakso5.stg:id/pull_to_refresh" checkable="false" checked="false" clickable="false" enabled="true" focusable="false" focused="false" long-clickable="false" password="false" scrollable="false" selected="false" bounds="[0,320][1440,2544]" displayed="true"&gt;
                        &lt;android.webkit.WebView index="0" package="com.follow.sakso5.stg" class="android.webkit.WebView" text="" checkable="false" checked="false" clickable="false" enabled="true" focusable="false" focused="false" long-clickable="false" password="false" scrollable="false" selected="false" bounds="[0,320][1440,2544]" displayed="true" /&gt;
                      &lt;/android.view.ViewGroup&gt;
                      &lt;android.widget.FrameLayout index="1" package="com.follow.sakso5.stg" class="android.widget.FrameLayout" text="" resource-id="com.follow.sakso5.stg:id/web_progress_container" checkable="false" checked="false" clickable="true" enabled="true" focusable="true" focused="false" long-clickable="false" password="false" scrollable="false" selected="false" bounds="[0,320][1440,2544]" displayed="true"&gt;
                        &lt;android.widget.FrameLayout index="0" package="com.follow.sakso5.stg" class="android.widget.FrameLayout" text="" checkable="false" checked="false" clickable="false" enabled="true" focusable="false" focused="false" long-clickable="false" password="false" scrollable="false" selected="false" bounds="[0,320][1440,2544]" displayed="true"&gt;
                          &lt;android.widget.ProgressBar index="0" package="com.follow.sakso5.stg" class="android.widget.ProgressBar" text="" checkable="false" checked="false" clickable="false" enabled="true" focusable="false" focused="false" long-clickable="false" password="false" scrollable="false" selected="false" bounds="[624,1336][816,1528]" displayed="true" /&gt;
                        &lt;/android.widget.FrameLayout&gt;
                      &lt;/android.widget.FrameLayout&gt;
                    &lt;/android.widget.FrameLayout&gt;
                    &lt;android.widget.LinearLayout index="3" package="com.follow.sakso5.stg" class="android.widget.LinearLayout" text="" resource-id="com.follow.sakso5.stg:id/feature_container_top_left" checkable="false" checked="false" clickable="false" enabled="true" focusable="false" focused="false" long-clickable="false" password="false" scrollable="false" selected="false" bounds="[0,320][64,384]" displayed="true" /&gt;
                    &lt;android.widget.LinearLayout index="4" package="com.follow.sakso5.stg" class="android.widget.LinearLayout" text="" resource-id="com.follow.sakso5.stg:id/feature_container_top_right" checkable="false" checked="false" clickable="false" enabled="true" focusable="false" focused="false" long-clickable="false" password="false" scrollable="false" selected="false" bounds="[1376,320][1440,384]" displayed="true" /&gt;
                    &lt;android.widget.LinearLayout index="5" package="com.follow.sakso5.stg" class="android.widget.LinearLayout" text="" resource-id="com.follow.sakso5.stg:id/feature_container_bottom_left" checkable="false" checked="false" clickable="false" enabled="true" focusable="false" focused="false" long-clickable="false" password="false" scrollable="false" selected="false" bounds="[0,2480][64,2544]" displayed="true" /&gt;
                    &lt;android.widget.LinearLayout index="6" package="com.follow.sakso5.stg" class="android.widget.LinearLayout" text="" resource-id="com.follow.sakso5.stg:id/feature_container_bottom_right" checkable="false" checked="false" clickable="false" enabled="true" focusable="false" focused="false" long-clickable="false" password="false" scrollable="false" selected="false" bounds="[1376,2480][1440,2544]" displayed="true" /&gt;
                  &lt;/android.view.ViewGroup&gt;
                &lt;/androidx.drawerlayout.widget.DrawerLayout&gt;
              &lt;/android.widget.FrameLayout&gt;
              &lt;android.widget.FrameLayout index="4" package="com.follow.sakso5.stg" class="android.widget.FrameLayout" text="" resource-id="com.follow.sakso5.stg:id/bottomContainer" checkable="false" checked="false" clickable="false" enabled="true" focusable="false" focused="false" long-clickable="false" password="false" scrollable="false" selected="false" bounds="[0,2544][1440,2768]" displayed="true"&gt;
                &lt;android.widget.FrameLayout index="0" package="com.follow.sakso5.stg" class="android.widget.FrameLayout" text="" resource-id="com.follow.sakso5.stg:id/tabBar" checkable="false" checked="false" clickable="false" enabled="true" focusable="false" focused="false" long-clickable="false" password="false" scrollable="false" selected="false" bounds="[0,2544][1440,2768]" displayed="true"&gt;
                  &lt;android.view.View index="0" package="com.follow.sakso5.stg" class="android.view.View" text="" checkable="false" checked="false" clickable="false" enabled="true" focusable="false" focused="false" long-clickable="false" password="false" scrollable="false" selected="false" bounds="[0,2544][1440,2768]" displayed="true" /&gt;
                  &lt;android.widget.LinearLayout index="1" package="com.follow.sakso5.stg" class="android.widget.LinearLayout" text="" checkable="false" checked="false" clickable="false" enabled="true" focusable="false" focused="false" long-clickable="false" password="false" scrollable="false" selected="false" bounds="[0,2544][1440,2768]" displayed="true"&gt;
                    &lt;android.widget.FrameLayout index="0" package="com.follow.sakso5.stg" class="android.widget.FrameLayout" text="" resource-id="com.follow.sakso5.stg:id/bottom_navigation_container" checkable="false" checked="false" clickable="true" enabled="true" focusable="true" focused="false" long-clickable="false" password="false" scrollable="false" selected="false" bounds="[0,2544][288,2768]" displayed="true"&gt;
                      &lt;android.widget.ImageView index="0" package="com.follow.sakso5.stg" class="android.widget.ImageView" text="" resource-id="com.follow.sakso5.stg:id/bottom_navigation_item_icon" checkable="false" checked="false" clickable="false" enabled="true" focusable="false" focused="false" long-clickable="false" password="false" scrollable="false" selected="false" bounds="[96,2576][192,2672]" displayed="true" /&gt;
                      &lt;android.widget.TextView index="2" package="com.follow.sakso5.stg" class="android.widget.TextView" text="Home" resource-id="com.follow.sakso5.stg:id/bottom_navigation_item_title" checkable="false" checked="false" clickable="false" enabled="true" focusable="false" focused="false" long-clickable="false" password="false" scrollable="false" selected="false" bounds="[0,2675][288,2740]" displayed="true" /&gt;
                    &lt;/android.widget.FrameLayout&gt;
                    &lt;android.widget.FrameLayout index="1" package="com.follow.sakso5.stg" class="android.widget.FrameLayout" text="" resource-id="com.follow.sakso5.stg:id/bottom_navigation_container" checkable="false" checked="false" clickable="true" enabled="true" focusable="true" focused="false" long-clickable="false" password="false" scrollable="false" selected="false" bounds="[288,2544][576,2768]" displayed="true"&gt;
                      &lt;android.widget.ImageView index="0" package="com.follow.sakso5.stg" class="android.widget.ImageView" text="" resource-id="com.follow.sakso5.stg:id/bottom_navigation_item_icon" checkable="false" checked="false" clickable="false" enabled="true" focusable="false" focused="false" long-clickable="false" password="false" scrollable="false" selected="false" bounds="[384,2576][480,2672]" displayed="true" /&gt;
                      &lt;android.widget.TextView index="2" package="com.follow.sakso5.stg" class="android.widget.TextView" text="Shop" resource-id="com.follow.sakso5.stg:id/bottom_navigation_item_title" checkable="false" checked="false" clickable="false" enabled="true" focusable="false" focused="false" long-clickable="false" password="false" scrollable="false" selected="false" bounds="[288,2675][576,2740]" displayed="true" /&gt;
                    &lt;/android.widget.FrameLayout&gt;
                    &lt;android.widget.FrameLayout index="2" package="com.follow.sakso5.stg" class="android.widget.FrameLayout" text="" resource-id="com.follow.sakso5.stg:id/bottom_navigation_container" checkable="false" checked="false" clickable="true" enabled="true" focusable="true" focused="false" long-clickable="false" password="false" scrollable="false" selected="false" bounds="[576,2544][864,2768]" displayed="true"&gt;
                      &lt;android.widget.ImageView index="0" package="com.follow.sakso5.stg" class="android.widget.ImageView" text="" resource-id="com.follow.sakso5.stg:id/bottom_navigation_item_icon" checkable="false" checked="false" clickable="false" enabled="true" focusable="false" focused="false" long-clickable="false" password="false" scrollable="false" selected="false" bounds="[672,2576][768,2672]" displayed="true" /&gt;
                      &lt;android.widget.TextView index="2" package="com.follow.sakso5.stg" class="android.widget.TextView" text="Search" resource-id="com.follow.sakso5.stg:id/bottom_navigation_item_title" checkable="false" checked="false" clickable="false" enabled="true" focusable="false" focused="false" long-clickable="false" password="false" scrollable="false" selected="false" bounds="[576,2675][864,2740]" displayed="true" /&gt;
                    &lt;/android.widget.FrameLayout&gt;
                    &lt;android.widget.FrameLayout index="3" package="com.follow.sakso5.stg" class="android.widget.FrameLayout" text="" resource-id="com.follow.sakso5.stg:id/bottom_navigation_container" checkable="false" checked="false" clickable="true" enabled="true" focusable="true" focused="false" long-clickable="false" password="false" scrollable="false" selected="false" bounds="[864,2544][1152,2768]" displayed="true"&gt;
                      &lt;android.widget.ImageView index="0" package="com.follow.sakso5.stg" class="android.widget.ImageView" text="" resource-id="com.follow.sakso5.stg:id/bottom_navigation_item_icon" checkable="false" checked="false" clickable="false" enabled="true" focusable="false" focused="false" long-clickable="false" password="false" scrollable="false" selected="true" bounds="[960,2568][1056,2664]" displayed="true" /&gt;
                      &lt;android.widget.TextView index="2" package="com.follow.sakso5.stg" class="android.widget.TextView" text="Account" resource-id="com.follow.sakso5.stg:id/bottom_navigation_item_title" checkable="false" checked="false" clickable="false" enabled="true" focusable="false" focused="false" long-clickable="false" password="false" scrollable="false" selected="false" bounds="[864,2675][1152,2740]" displayed="true" /&gt;
                    &lt;/android.widget.FrameLayout&gt;
                    &lt;android.widget.FrameLayout index="4" package="com.follow.sakso5.stg" class="android.widget.FrameLayout" text="" resource-id="com.follow.sakso5.stg:id/bottom_navigation_container" checkable="false" checked="false" clickable="true" enabled="true" focusable="true" focused="false" long-clickable="false" password="false" scrollable="false" selected="false" bounds="[1152,2544][1440,2768]" displayed="true"&gt;
                      &lt;android.widget.ImageView index="0" package="com.follow.sakso5.stg" class="android.widget.ImageView" text="" resource-id="com.follow.sakso5.stg:id/bottom_navigation_item_icon" checkable="false" checked="false" clickable="false" enabled="true" focusable="false" focused="false" long-clickable="false" password="false" scrollable="false" selected="false" bounds="[1248,2576][1344,2672]" displayed="true" /&gt;
                      &lt;android.widget.TextView index="1" package="com.follow.sakso5.stg" class="android.widget.TextView" text="0" resource-id="com.follow.sakso5.stg:id/bottom_navigation_notification" checkable="false" checked="false" clickable="false" enabled="true" focusable="false" focused="false" long-clickable="false" password="false" scrollable="false" selected="false" bounds="[1328,2560][1392,2624]" displayed="true" /&gt;
                      &lt;android.widget.TextView index="2" package="com.follow.sakso5.stg" class="android.widget.TextView" text="Bag" resource-id="com.follow.sakso5.stg:id/bottom_navigation_item_title" checkable="false" checked="false" clickable="false" enabled="true" focusable="false" focused="false" long-clickable="false" password="false" scrollable="false" selected="false" bounds="[1152,2675][1440,2740]" displayed="true" /&gt;
                    &lt;/android.widget.FrameLayout&gt;
                  &lt;/android.widget.LinearLayout&gt;
                &lt;/android.widget.FrameLayout&gt;
              &lt;/android.widget.FrameLayout&gt;
            &lt;/android.view.ViewGroup&gt;
          &lt;/android.widget.FrameLayout&gt;
        &lt;/android.widget.LinearLayout&gt;
      &lt;/android.widget.FrameLayout&gt;
    &lt;/android.widget.LinearLayout&gt;
  &lt;/android.widget.FrameLayout&gt;
&lt;/hierarchy&gt;</msg>
<kw name="Capture Page Screenshot" library="AppiumLibrary">
<doc>Takes a screenshot of the current page and embeds it into the log.</doc>
<msg timestamp="20210729 18:09:26.080" level="INFO" html="true">&lt;/td&gt;&lt;/tr&gt;&lt;tr&gt;&lt;td colspan="3"&gt;&lt;a href="appium-screenshot-1.png"&gt;&lt;img src="appium-screenshot-1.png" width="800px"&gt;&lt;/a&gt;</msg>
<status status="PASS" starttime="20210729 18:09:18.079" endtime="20210729 18:09:26.081"/>
</kw>
<msg timestamp="20210729 18:09:26.082" level="FAIL">Text 'CREATE ACCOUNT' did not appear in 3 minutes</msg>
<status status="FAIL" starttime="20210729 18:06:13.720" endtime="20210729 18:09:26.083"/>
</kw>
<status status="FAIL" starttime="20210729 18:06:13.719" endtime="20210729 18:09:26.083"/>
</kw>
<kw name="Then I scroll down the page" library="commonsfcc">
<status status="NOT RUN" starttime="20210729 18:09:26.085" endtime="20210729 18:09:26.085"/>
</kw>
<kw name="And I click on text" library="commonsfcc">
<arg>CREATE ACCOUNT</arg>
<status status="NOT RUN" starttime="20210729 18:09:26.086" endtime="20210729 18:09:26.087"/>
</kw>
<kw name="And Create new account with valid credentials" library="account">
<status status="NOT RUN" starttime="20210729 18:09:26.087" endtime="20210729 18:09:26.087"/>
</kw>
<kw name="And Verify Screen Displays text" library="commonsfcc">
<arg>ACCOUNT MENU</arg>
<status status="NOT RUN" starttime="20210729 18:09:26.088" endtime="20210729 18:09:26.089"/>
</kw>
<kw name="And Verify Screen Displays text" library="commonsfcc">
<arg>${accountfname}</arg>
<status status="NOT RUN" starttime="20210729 18:09:26.089" endtime="20210729 18:09:26.090"/>
</kw>
<status status="FAIL" starttime="20210729 18:04:42.302" endtime="20210729 18:09:26.093">Text 'CREATE ACCOUNT' did not appear in 3 minutes</status>
</test>
<status status="FAIL" starttime="20210729 18:04:39.354" endtime="20210729 18:09:26.108"/>
</suite>
<statistics>
<total>
<stat pass="0" fail="1" skip="0">All Tests</stat>
</total>
<tag>
</tag>
<suite>
<stat pass="0" fail="1" skip="0" id="s1" name="06 Accounts">06 Accounts</stat>
</suite>
</statistics>
<errors>
</errors>
</robot>
