<?xml version="1.0" encoding="UTF-8"?>
<robot generator="Robot 4.0.3 (Python 3.9.6 on win32)" generated="20210824 19:19:19.633" rpa="false" schemaversion="2">
<suite id="s1" name="Regression" source="E:\RF Code\Mobile-App-TestAutomation-Off5\OFF5th_RobotFramework\Regression">
<suite id="s1-s1" name="CriticalRegression" source="E:\RF Code\Mobile-App-TestAutomation-Off5\OFF5th_RobotFramework\Regression\CriticalRegression">
<suite id="s1-s1-s1" name="02 ProductSearch" source="E:\RF Code\Mobile-App-TestAutomation-Off5\OFF5th_RobotFramework\Regression\CriticalRegression\02_ProductSearch.robot">
<test id="s1-s1-s1-t1" name="Search for a product by wildcard '***'">
<kw name="Given I am on the app" library="commonsfcc">
<kw name="Open Application" library="AppiumLibrary">
<arg>${REMOTE_URL}</arg>
<arg>platformName=${PLATFORM_NAME}</arg>
<arg>platformVersion=${PLATFORM_VERSION}</arg>
<arg>deviceName=${DEVICE_NAME}</arg>
<arg>automationName=UiAutomator2</arg>
<arg>appActivity=com.follow.saksoff5th.MainActivity</arg>
<arg>appPackage=com.follow.sakso5.stg</arg>
<arg>appWaitDuration=150000</arg>
<arg>appWaitForLaunch=true</arg>
<doc>Opens a new application to given Appium server.
Capabilities of appium server, Android and iOS,
Please check https://github.com/appium/appium/blob/master/docs/en/writing-running-appium/server-args.md
| *Option*            | *Man.* | *Description*     |
| remote_url          | Yes    | Appium server url |
| alias               | no     | alias             |</doc>
<status status="PASS" starttime="20210824 19:19:19.925" endtime="20210824 19:19:32.050"/>
</kw>
<status status="PASS" starttime="20210824 19:19:19.924" endtime="20210824 19:19:32.050"/>
</kw>
<kw name="And I enter data into text field" library="commonsfcc">
<arg>${wild_card}</arg>
<arg>${header search box}</arg>
<kw name="Verify Page Contains Text" library="commonsfcc">
<arg>Search</arg>
<kw name="Wait Until Page Contains" library="AppiumLibrary">
<arg>${ExpectedText}</arg>
<arg>timeout=${globaltimeout}</arg>
<doc>Waits until `text` appears on current page.</doc>
<status status="PASS" starttime="20210824 19:19:32.054" endtime="20210824 19:19:36.022"/>
</kw>
<status status="PASS" starttime="20210824 19:19:32.054" endtime="20210824 19:19:36.023"/>
</kw>
<kw name="Click Text" library="AppiumLibrary">
<arg>Search</arg>
<doc>Click text identified by ``text``.</doc>
<status status="PASS" starttime="20210824 19:19:36.023" endtime="20210824 19:19:36.977"/>
</kw>
<kw name="Wait Until Element Is Visible" library="AppiumLibrary">
<arg>${element}</arg>
<arg>timeout=${globaltimeout}</arg>
<doc>Waits until element specified with `locator` is visible.</doc>
<status status="PASS" starttime="20210824 19:19:36.977" endtime="20210824 19:20:07.657"/>
</kw>
<kw name="Click Element" library="AppiumLibrary">
<arg>${element}</arg>
<doc>Click element identified by `locator`.</doc>
<msg timestamp="20210824 19:20:07.666" level="INFO">Clicking element 'xpath=//android.widget.EditText[@class="android.widget.EditText"]'.</msg>
<status status="PASS" starttime="20210824 19:20:07.657" endtime="20210824 19:20:08.624"/>
</kw>
<kw name="Input Text" library="AppiumLibrary">
<arg>${element}</arg>
<arg>${wild_card}</arg>
<doc>Types the given `text` into text field identified by `locator`.</doc>
<msg timestamp="20210824 19:20:08.631" level="INFO">Typing text '***' into text field 'xpath=//android.widget.EditText[@class="android.widget.EditText"]'</msg>
<status status="PASS" starttime="20210824 19:20:08.624" endtime="20210824 19:20:08.848"/>
</kw>
<status status="PASS" starttime="20210824 19:19:32.050" endtime="20210824 19:20:08.848"/>
</kw>
<kw name="And Press enter key on device keypad" library="commonsfcc">
<kw name="Sleep" library="BuiltIn">
<arg>15s</arg>
<doc>Pauses the test executed for the given time.</doc>
<msg timestamp="20210824 19:20:23.857" level="INFO">Slept 15 seconds</msg>
<status status="PASS" starttime="20210824 19:20:08.852" endtime="20210824 19:20:23.857"/>
</kw>
<kw name="Press Keycode" library="AppiumLibrary">
<arg>115</arg>
<doc>Sends a press of keycode to the device.</doc>
<status status="PASS" starttime="20210824 19:20:23.857" endtime="20210824 19:20:23.902"/>
</kw>
<kw name="Sleep" library="BuiltIn">
<arg>5s</arg>
<doc>Pauses the test executed for the given time.</doc>
<msg timestamp="20210824 19:20:28.910" level="INFO">Slept 5 seconds</msg>
<status status="PASS" starttime="20210824 19:20:23.903" endtime="20210824 19:20:28.910"/>
</kw>
<kw name="Press Keycode" library="AppiumLibrary">
<arg>66</arg>
<doc>Sends a press of keycode to the device.</doc>
<status status="PASS" starttime="20210824 19:20:28.910" endtime="20210824 19:20:29.360"/>
</kw>
<status status="PASS" starttime="20210824 19:20:08.848" endtime="20210824 19:20:29.360"/>
</kw>
<kw name="Verify Page Contains Text" library="commonsfcc">
<arg>Filter</arg>
<kw name="Wait Until Page Contains" library="AppiumLibrary">
<arg>${ExpectedText}</arg>
<arg>timeout=${globaltimeout}</arg>
<doc>Waits until `text` appears on current page.</doc>
<status status="PASS" starttime="20210824 19:20:29.365" endtime="20210824 19:20:52.730"/>
</kw>
<status status="PASS" starttime="20210824 19:20:29.364" endtime="20210824 19:20:52.735"/>
</kw>
<kw name="Verify Page Contains Text" library="commonsfcc">
<arg>"***"</arg>
<kw name="Wait Until Page Contains" library="AppiumLibrary">
<arg>${ExpectedText}</arg>
<arg>timeout=${globaltimeout}</arg>
<doc>Waits until `text` appears on current page.</doc>
<status status="PASS" starttime="20210824 19:20:52.735" endtime="20210824 19:20:52.832"/>
</kw>
<status status="PASS" starttime="20210824 19:20:52.735" endtime="20210824 19:20:52.832"/>
</kw>
<kw name="Capture Page Screenshot" library="AppiumLibrary">
<arg>ps04.png</arg>
<doc>Takes a screenshot of the current page and embeds it into the log.</doc>
<msg timestamp="20210824 19:20:53.508" level="INFO" html="true">&lt;/td&gt;&lt;/tr&gt;&lt;tr&gt;&lt;td colspan="3"&gt;&lt;a href="ps04.png"&gt;&lt;img src="ps04.png" width="800px"&gt;&lt;/a&gt;</msg>
<status status="PASS" starttime="20210824 19:20:52.832" endtime="20210824 19:20:53.510"/>
</kw>
<kw name="Close Application" library="AppiumLibrary">
<doc>Closes the current application and also close webdriver session.</doc>
<status status="PASS" starttime="20210824 19:20:53.511" endtime="20210824 19:20:54.008"/>
</kw>
<tag>PS_TC04</tag>
<status status="PASS" starttime="20210824 19:19:19.924" endtime="20210824 19:20:54.011"/>
</test>
<status status="PASS" starttime="20210824 19:19:19.666" endtime="20210824 19:20:54.014"/>
</suite>
<status status="PASS" starttime="20210824 19:19:19.664" endtime="20210824 19:20:54.017"/>
</suite>
<status status="PASS" starttime="20210824 19:19:19.634" endtime="20210824 19:20:54.021"/>
</suite>
<statistics>
<total>
<stat pass="1" fail="0" skip="0">All Tests</stat>
</total>
<tag>
<stat pass="1" fail="0" skip="0">PS_TC04</stat>
</tag>
<suite>
<stat pass="1" fail="0" skip="0" id="s1" name="Regression">Regression</stat>
<stat pass="1" fail="0" skip="0" id="s1-s1" name="CriticalRegression">Regression.CriticalRegression</stat>
<stat pass="1" fail="0" skip="0" id="s1-s1-s1" name="02 ProductSearch">Regression.CriticalRegression.02 ProductSearch</stat>
</suite>
</statistics>
<errors>
</errors>
</robot>
