<?xml version="1.0" encoding="UTF-8"?>
<robot generator="Robot 4.0.3 (Python 3.9.6 on win32)" generated="20210804 20:47:40.421" rpa="false" schemaversion="2">
<suite id="s1" name="Regression" source="E:\RF Code\Mobile-App-TestAutomation-Off5\OFF5th_RobotFramework\Regression">
<suite id="s1-s1" name="CriticalRegression" source="E:\RF Code\Mobile-App-TestAutomation-Off5\OFF5th_RobotFramework\Regression\CriticalRegression">
<suite id="s1-s1-s1" name="02 ProductSearch" source="E:\RF Code\Mobile-App-TestAutomation-Off5\OFF5th_RobotFramework\Regression\CriticalRegression\02_ProductSearch.robot">
<test id="s1-s1-s1-t1" name="Search for a product by brand name">
<kw name="Given I am on the app" library="commonsfcc">
<kw name="Open Application" library="AppiumLibrary">
<arg>${REMOTE_URL}</arg>
<arg>platformName=${PLATFORM_NAME}</arg>
<arg>platformVersion=${PLATFORM_VERSION}</arg>
<arg>deviceName=${DEVICE_NAME}</arg>
<arg>automationName=UiAutomator2</arg>
<arg>appActivity=com.follow.saksoff5th.MainActivity</arg>
<arg>appPackage=com.follow.sakso5.stg</arg>
<arg>appWaitDuration=150000</arg>
<arg>appWaitForLaunch=true</arg>
<doc>Opens a new application to given Appium server.
Capabilities of appium server, Android and iOS,
Please check https://github.com/appium/appium/blob/master/docs/en/writing-running-appium/server-args.md
| *Option*            | *Man.* | *Description*     |
| remote_url          | Yes    | Appium server url |
| alias               | no     | alias             |</doc>
<status status="PASS" starttime="20210804 20:47:40.898" endtime="20210804 20:47:59.855"/>
</kw>
<status status="PASS" starttime="20210804 20:47:40.897" endtime="20210804 20:47:59.855"/>
</kw>
<kw name="And I type &quot;${brand_name}&quot; into this &quot;${header search box}&quot; field" library="commonsfcc" sourcename="I type &quot;${brand_name}&quot; into this &quot;${header search box}&quot; field">
<kw name="Wait Until Element Is Visible" library="AppiumLibrary">
<arg>${homepage}</arg>
<arg>timeout=${globalmaxsleep}</arg>
<doc>Waits until element specified with `locator` is visible.</doc>
<status status="PASS" starttime="20210804 20:47:59.860" endtime="20210804 20:48:03.528"/>
</kw>
<kw name="Click Text" library="AppiumLibrary">
<arg>Search</arg>
<doc>Click text identified by ``text``.</doc>
<status status="PASS" starttime="20210804 20:48:03.528" endtime="20210804 20:48:04.471"/>
</kw>
<kw name="Wait Until Element Is Visible" library="AppiumLibrary">
<arg>${header search box}</arg>
<arg>timeout=${globaltimeout}</arg>
<doc>Waits until element specified with `locator` is visible.</doc>
<status status="PASS" starttime="20210804 20:48:04.471" endtime="20210804 20:49:01.542"/>
</kw>
<kw name="Click Element" library="AppiumLibrary">
<arg>${header search box}</arg>
<doc>Click element identified by `locator`.</doc>
<msg timestamp="20210804 20:49:01.548" level="INFO">Clicking element 'xpath=//android.widget.EditText[@class="android.widget.EditText"]'.</msg>
<status status="PASS" starttime="20210804 20:49:01.543" endtime="20210804 20:49:01.736"/>
</kw>
<kw name="Input Text" library="AppiumLibrary">
<arg>${header search box}</arg>
<arg>${brand_name}</arg>
<doc>Types the given `text` into text field identified by `locator`.</doc>
<msg timestamp="20210804 20:49:01.740" level="INFO">Typing text 'Gucci' into text field 'xpath=//android.widget.EditText[@class="android.widget.EditText"]'</msg>
<status status="PASS" starttime="20210804 20:49:01.736" endtime="20210804 20:49:03.424"/>
</kw>
<kw name="Press Keycode" library="AppiumLibrary">
<arg>4</arg>
<doc>Sends a press of keycode to the device.</doc>
<status status="PASS" starttime="20210804 20:49:03.424" endtime="20210804 20:49:03.503"/>
</kw>
<kw name="Sleep" library="BuiltIn">
<arg>20s</arg>
<doc>Pauses the test executed for the given time.</doc>
<msg timestamp="20210804 20:49:23.509" level="INFO">Slept 20 seconds</msg>
<status status="PASS" starttime="20210804 20:49:03.503" endtime="20210804 20:49:23.510"/>
</kw>
<kw name="Swipe By Percent" library="AppiumLibrary">
<arg>50</arg>
<arg>90</arg>
<arg>50</arg>
<arg>20</arg>
<doc>Swipe from one percent of the screen to another percent, for an optional duration.
Normal swipe fails to scale for different screen resolutions, this can be avoided using percent.</doc>
<status status="PASS" starttime="20210804 20:49:23.510" endtime="20210804 20:49:25.054"/>
</kw>
<kw name="Log Source" library="AppiumLibrary">
<doc>Logs and returns the entire html source of the current page or frame.</doc>
<msg timestamp="20210804 20:49:25.420" level="INFO">&lt;?xml version='1.0' encoding='UTF-8' standalone='yes' ?&gt;
&lt;hierarchy index="0" class="hierarchy" rotation="0" width="1080" height="1794"&gt;
  &lt;android.widget.FrameLayout index="0" package="com.follow.sakso5.stg" class="android.widget.FrameLayout" text="" checkable="false" checked="false" clickable="false" enabled="true" focusable="false" focused="false" long-clickable="false" password="false" scrollable="false" selected="false" bounds="[0,0][1080,1794]" displayed="true"&gt;
    &lt;android.widget.LinearLayout index="0" package="com.follow.sakso5.stg" class="android.widget.LinearLayout" text="" checkable="false" checked="false" clickable="false" enabled="true" focusable="false" focused="false" long-clickable="false" password="false" scrollable="false" selected="false" bounds="[0,0][1080,1794]" displayed="true"&gt;
      &lt;android.widget.FrameLayout index="0" package="com.follow.sakso5.stg" class="android.widget.FrameLayout" text="" checkable="false" checked="false" clickable="false" enabled="true" focusable="false" focused="false" long-clickable="false" password="false" scrollable="false" selected="false" bounds="[0,63][1080,1794]" displayed="true"&gt;
        &lt;android.widget.LinearLayout index="0" package="com.follow.sakso5.stg" class="android.widget.LinearLayout" text="" resource-id="com.follow.sakso5.stg:id/action_bar_root" checkable="false" checked="false" clickable="false" enabled="true" focusable="false" focused="false" long-clickable="false" password="false" scrollable="false" selected="false" bounds="[0,63][1080,1794]" displayed="true"&gt;
          &lt;android.widget.FrameLayout index="0" package="com.follow.sakso5.stg" class="android.widget.FrameLayout" text="" resource-id="android:id/content" checkable="false" checked="false" clickable="false" enabled="true" focusable="false" focused="false" long-clickable="false" password="false" scrollable="false" selected="false" bounds="[0,63][1080,1794]" displayed="true"&gt;
            &lt;android.view.ViewGroup index="0" package="com.follow.sakso5.stg" class="android.view.ViewGroup" text="" resource-id="com.follow.sakso5.stg:id/main_container" checkable="false" checked="false" clickable="false" enabled="true" focusable="false" focused="false" long-clickable="false" password="false" scrollable="false" selected="false" bounds="[0,63][1080,1794]" displayed="true"&gt;
              &lt;android.widget.FrameLayout index="0" package="com.follow.sakso5.stg" class="android.widget.FrameLayout" text="" resource-id="com.follow.sakso5.stg:id/browser_container" checkable="false" checked="false" clickable="false" enabled="true" focusable="false" focused="false" long-clickable="false" password="false" scrollable="false" selected="false" bounds="[0,63][1080,1794]" displayed="true" /&gt;
              &lt;android.widget.FrameLayout index="1" package="com.follow.sakso5.stg" class="android.widget.FrameLayout" text="" resource-id="com.follow.sakso5.stg:id/user_overlay_container" checkable="false" checked="false" clickable="false" enabled="true" focusable="false" focused="false" long-clickable="false" password="false" scrollable="false" selected="false" bounds="[0,63][1080,1794]" displayed="true" /&gt;
              &lt;android.widget.FrameLayout index="2" package="com.follow.sakso5.stg" class="android.widget.FrameLayout" text="" resource-id="com.follow.sakso5.stg:id/section_overlay_container" checkable="false" checked="false" clickable="false" enabled="true" focusable="false" focused="false" long-clickable="false" password="false" scrollable="false" selected="false" bounds="[0,63][1080,1647]" displayed="true" /&gt;
              &lt;android.widget.FrameLayout index="3" package="com.follow.sakso5.stg" class="android.widget.FrameLayout" text="" resource-id="com.follow.sakso5.stg:id/container" checkable="false" checked="false" clickable="false" enabled="true" focusable="false" focused="false" long-clickable="false" password="false" scrollable="false" selected="false" bounds="[0,63][1080,1647]" displayed="true"&gt;
                &lt;androidx.drawerlayout.widget.DrawerLayout index="0" package="com.follow.sakso5.stg" class="androidx.drawerlayout.widget.DrawerLayout" text="" resource-id="com.follow.sakso5.stg:id/drawer_layout" checkable="false" checked="false" clickable="false" enabled="true" focusable="false" focused="false" long-clickable="false" password="false" scrollable="false" selected="false" bounds="[0,63][1080,1647]" displayed="true"&gt;
                  &lt;android.view.ViewGroup index="0" package="com.follow.sakso5.stg" class="android.view.ViewGroup" text="" checkable="false" checked="false" clickable="false" enabled="true" focusable="false" focused="false" long-clickable="false" password="false" scrollable="false" selected="false" bounds="[0,63][1080,1647]" displayed="true"&gt;
                    &lt;android.widget.FrameLayout index="0" package="com.follow.sakso5.stg" class="android.widget.FrameLayout" text="" resource-id="com.follow.sakso5.stg:id/navbar_container" checkable="false" checked="false" clickable="false" enabled="true" focusable="false" focused="false" long-clickable="false" password="false" scrollable="false" selected="false" bounds="[0,63][1080,210]" displayed="true"&gt;
                      &lt;android.view.ViewGroup index="0" package="com.follow.sakso5.stg" class="android.view.ViewGroup" text="" resource-id="com.follow.sakso5.stg:id/navbar" checkable="false" checked="false" clickable="false" enabled="true" focusable="false" focused="false" long-clickable="false" password="false" scrollable="false" selected="false" bounds="[0,63][1080,210]" displayed="true"&gt;
                        &lt;android.widget.TextView index="1" package="com.follow.sakso5.stg" class="android.widget.TextView" text="SEARCH" resource-id="com.follow.sakso5.stg:id/navbar_textview" checkable="false" checked="false" clickable="true" enabled="true" focusable="true" focused="false" long-clickable="false" password="false" scrollable="false" selected="false" bounds="[109,112][971,161]" displayed="true" /&gt;
                        &lt;android.widget.LinearLayout index="2" package="com.follow.sakso5.stg" class="android.widget.LinearLayout" text="" resource-id="com.follow.sakso5.stg:id/rightButtonsContainer" checkable="false" checked="false" clickable="false" enabled="true" focusable="false" focused="false" long-clickable="false" password="false" scrollable="false" selected="false" bounds="[971,63][1036,210]" displayed="true"&gt;
                          &lt;android.widget.FrameLayout index="0" package="com.follow.sakso5.stg" class="android.widget.FrameLayout" text="" checkable="false" checked="false" clickable="true" enabled="true" focusable="true" focused="false" long-clickable="false" password="false" scrollable="false" selected="false" bounds="[971,104][1036,169]" displayed="true"&gt;
                            &lt;android.widget.ImageView index="0" package="com.follow.sakso5.stg" class="android.widget.ImageView" text="" content-desc="Navbar button" resource-id="com.follow.sakso5.stg:id/button_image" checkable="false" checked="false" clickable="false" enabled="true" focusable="false" focused="false" long-clickable="false" password="false" scrollable="false" selected="false" bounds="[971,104][1036,169]" displayed="true" /&gt;
                          &lt;/android.widget.FrameLayout&gt;
                        &lt;/android.widget.LinearLayout&gt;
                      &lt;/android.view.ViewGroup&gt;
                    &lt;/android.widget.FrameLayout&gt;
                    &lt;android.view.View index="1" package="com.follow.sakso5.stg" class="android.view.View" text="" resource-id="com.follow.sakso5.stg:id/navbar_bottom_border" checkable="false" checked="false" clickable="false" enabled="true" focusable="false" focused="false" long-clickable="false" password="false" scrollable="false" selected="false" bounds="[0,208][1080,210]" displayed="true" /&gt;
                    &lt;android.widget.FrameLayout index="2" package="com.follow.sakso5.stg" class="android.widget.FrameLayout" text="" resource-id="com.follow.sakso5.stg:id/navbar_webview_container" checkable="false" checked="false" clickable="false" enabled="true" focusable="false" focused="false" long-clickable="false" password="false" scrollable="false" selected="false" bounds="[0,210][1080,1647]" displayed="true"&gt;
                      &lt;android.view.ViewGroup index="0" package="com.follow.sakso5.stg" class="android.view.ViewGroup" text="" resource-id="com.follow.sakso5.stg:id/pull_to_refresh" checkable="false" checked="false" clickable="false" enabled="false" focusable="false" focused="false" long-clickable="false" password="false" scrollable="false" selected="false" bounds="[0,210][1080,1647]" displayed="true"&gt;
                        &lt;android.webkit.WebView index="0" package="com.follow.sakso5.stg" class="android.webkit.WebView" text="" checkable="false" checked="false" clickable="false" enabled="true" focusable="false" focused="false" long-clickable="false" password="false" scrollable="false" selected="false" bounds="[0,210][1080,1647]" displayed="true"&gt;
                          &lt;android.webkit.WebView index="0" package="com.follow.sakso5.stg" class="android.webkit.WebView" text="Sites-SaksOff5th-Site" checkable="false" checked="false" clickable="false" enabled="true" focusable="true" focused="false" long-clickable="false" password="false" scrollable="true" selected="false" bounds="[0,210][1080,1649]" displayed="true"&gt;
                            &lt;android.view.View index="0" package="com.follow.sakso5.stg" class="android.view.View" text="" checkable="false" checked="false" clickable="true" enabled="true" focusable="false" focused="false" long-clickable="false" password="false" scrollable="false" selected="false" bounds="[0,210][1080,270]" displayed="true"&gt;
                              &lt;android.view.View index="0" package="com.follow.sakso5.stg" class="android.view.View" text="" resource-id="DW-SFToolkit" checkable="false" checked="false" clickable="false" enabled="true" focusable="false" focused="false" long-clickable="false" password="false" scrollable="false" selected="false" bounds="[0,210][1080,270]" displayed="true"&gt;
                                &lt;android.view.View index="0" package="com.follow.sakso5.stg" class="android.view.View" text="Demandware Storefront Toolkit" checkable="false" checked="false" clickable="false" enabled="true" focusable="true" focused="false" long-clickable="false" password="false" scrollable="false" selected="false" bounds="[0,210][1080,270]" displayed="true"&gt;
                                  &lt;android.view.View index="0" package="com.follow.sakso5.stg" class="android.view.View" text="" checkable="false" checked="false" clickable="false" enabled="true" focusable="false" focused="false" long-clickable="false" password="false" scrollable="false" selected="false" bounds="[0,210][1080,270]" displayed="true" /&gt;
                                &lt;/android.view.View&gt;
                              &lt;/android.view.View&gt;
                              &lt;android.view.View index="3" package="com.follow.sakso5.stg" class="android.view.View" text="Main content area" resource-id="maincontent" checkable="false" checked="false" clickable="false" enabled="true" focusable="false" focused="false" long-clickable="false" password="false" scrollable="false" selected="false" bounds="[0,210][1080,215]" displayed="true" /&gt;
                              &lt;android.view.View index="5" package="com.follow.sakso5.stg" class="android.view.View" text="" checkable="false" checked="false" clickable="true" enabled="true" focusable="false" focused="false" long-clickable="false" password="false" scrollable="false" selected="false" bounds="[0,210][1080,270]" displayed="true" /&gt;
                              &lt;android.view.View index="6" package="com.follow.sakso5.stg" class="android.view.View" text="" checkable="false" checked="false" clickable="true" enabled="true" focusable="false" focused="false" long-clickable="false" password="false" scrollable="false" selected="false" bounds="[0,210][1080,270]" displayed="true" /&gt;
                              &lt;android.view.View index="7" package="com.follow.sakso5.stg" class="android.view.View" text="" resource-id="__trackingframe" checkable="false" checked="false" clickable="false" enabled="true" focusable="false" focused="false" long-clickable="false" password="false" scrollable="false" selected="false" bounds="[0,252][1080,270]" displayed="true"&gt;
                                &lt;android.view.View index="0" package="com.follow.sakso5.stg" class="android.view.View" text="" checkable="false" checked="false" clickable="false" enabled="true" focusable="false" focused="false" long-clickable="false" password="false" scrollable="true" selected="false" bounds="[0,252][1080,270]" displayed="true" /&gt;
                              &lt;/android.view.View&gt;
                              &lt;android.view.View index="10" package="com.follow.sakso5.stg" class="android.view.View" text="" checkable="false" checked="false" clickable="true" enabled="true" focusable="false" focused="false" long-clickable="false" password="false" scrollable="false" selected="false" bounds="[0,210][1080,1649]" displayed="true"&gt;
                                &lt;android.view.View index="0" package="com.follow.sakso5.stg" class="android.view.View" text="" checkable="false" checked="false" clickable="false" enabled="true" focusable="false" focused="false" long-clickable="false" password="false" scrollable="false" selected="false" bounds="[0,210][1080,370]" displayed="true"&gt;
                                  &lt;android.view.View index="0" package="com.follow.sakso5.stg" class="android.view.View" text="" checkable="false" checked="false" clickable="false" enabled="true" focusable="false" focused="false" long-clickable="false" password="false" scrollable="false" selected="false" bounds="[28,238][1052,336]" displayed="true"&gt;
                                    &lt;android.widget.Button index="0" package="com.follow.sakso5.stg" class="android.widget.Button" text="Submit search keywords" checkable="false" checked="false" clickable="true" enabled="false" focusable="false" focused="false" long-clickable="false" password="false" scrollable="false" selected="false" bounds="[55,265][110,312]" displayed="true" /&gt;
                                    &lt;android.widget.EditText index="1" package="com.follow.sakso5.stg" class="android.widget.EditText" text="Gucci" checkable="false" checked="false" clickable="true" enabled="true" focusable="true" focused="true" long-clickable="false" password="false" scrollable="false" selected="false" bounds="[28,238][903,336]" displayed="true" /&gt;
                                  &lt;/android.view.View&gt;
                                &lt;/android.view.View&gt;
                                &lt;android.view.View index="1" package="com.follow.sakso5.stg" class="android.view.View" text="" checkable="false" checked="false" clickable="false" enabled="true" focusable="false" focused="false" long-clickable="false" password="false" scrollable="true" selected="false" bounds="[0,364][1080,1649]" displayed="true"&gt;
                                  &lt;android.view.View index="0" package="com.follow.sakso5.stg" class="android.view.View" text="" checkable="false" checked="false" clickable="false" enabled="true" focusable="false" focused="false" long-clickable="false" password="false" scrollable="false" selected="false" bounds="[0,435][1080,756]" displayed="true"&gt;
                                    &lt;android.view.View index="0" package="com.follow.sakso5.stg" class="android.view.View" text="" checkable="false" checked="false" clickable="false" enabled="true" focusable="false" focused="false" long-clickable="false" password="false" scrollable="false" selected="false" bounds="[36,493][1044,543]" displayed="true"&gt;
                                      &lt;android.view.View index="0" package="com.follow.sakso5.stg" class="android.view.View" text="DESIGNERS" checkable="false" checked="false" clickable="false" enabled="true" focusable="false" focused="false" long-clickable="false" password="false" scrollable="false" selected="false" bounds="[36,493][1044,543]" displayed="true" /&gt;
                                    &lt;/android.view.View&gt;
                                    &lt;android.widget.ListView index="1" package="com.follow.sakso5.stg" class="android.widget.ListView" text="" checkable="false" checked="false" clickable="false" enabled="true" focusable="false" focused="false" long-clickable="false" password="false" scrollable="false" selected="false" bounds="[36,580][1044,756]" displayed="true"&gt;
                                      &lt;android.view.View index="0" package="com.follow.sakso5.stg" class="android.view.View" text="" checkable="false" checked="false" clickable="false" enabled="true" focusable="false" focused="false" long-clickable="false" password="false" scrollable="false" selected="false" bounds="[36,580][1044,669]" displayed="true"&gt;
                                        &lt;android.view.View index="0" package="com.follow.sakso5.stg" class="android.view.View" text="" content-desc="Gucci" checkable="false" checked="false" clickable="true" enabled="true" focusable="true" focused="false" long-clickable="false" password="false" scrollable="false" selected="false" bounds="[36,580][1044,669]" displayed="true"&gt;
                                          &lt;android.widget.TextView index="0" package="com.follow.sakso5.stg" class="android.widget.TextView" text="Gucci" checkable="false" checked="false" clickable="false" enabled="true" focusable="false" focused="false" long-clickable="false" password="false" scrollable="false" selected="false" bounds="[36,601][136,648]" displayed="true" /&gt;
                                        &lt;/android.view.View&gt;
                                      &lt;/android.view.View&gt;
                                      &lt;android.view.View index="1" package="com.follow.sakso5.stg" class="android.view.View" text="" checkable="false" checked="false" clickable="false" enabled="true" focusable="false" focused="false" long-clickable="false" password="false" scrollable="false" selected="false" bounds="[36,666][1044,756]" displayed="true"&gt;
                                        &lt;android.view.View index="0" package="com.follow.sakso5.stg" class="android.view.View" text="" content-desc="Vintage Gucci" checkable="false" checked="false" clickable="true" enabled="true" focusable="true" focused="false" long-clickable="false" password="false" scrollable="false" selected="false" bounds="[36,666][1044,756]" displayed="true"&gt;
                                          &lt;android.widget.TextView index="0" package="com.follow.sakso5.stg" class="android.widget.TextView" text="Vintage Gucci" checkable="false" checked="false" clickable="false" enabled="true" focusable="false" focused="false" long-clickable="false" password="false" scrollable="false" selected="false" bounds="[36,687][278,735]" displayed="true" /&gt;
                                        &lt;/android.view.View&gt;
                                      &lt;/android.view.View&gt;
                                    &lt;/android.widget.ListView&gt;
                                  &lt;/android.view.View&gt;
                                  &lt;android.view.View index="1" package="com.follow.sakso5.stg" class="android.view.View" text="" checkable="false" checked="false" clickable="false" enabled="true" focusable="false" focused="false" long-clickable="false" password="false" scrollable="false" selected="false" bounds="[0,824][1080,1404]" displayed="true"&gt;
                                    &lt;android.view.View index="0" package="com.follow.sakso5.stg" class="android.view.View" text="" checkable="false" checked="false" clickable="false" enabled="true" focusable="false" focused="false" long-clickable="false" password="false" scrollable="false" selected="false" bounds="[36,882][1044,929]" displayed="true"&gt;
                                      &lt;android.view.View index="0" package="com.follow.sakso5.stg" class="android.view.View" text="CATEGORIES" checkable="false" checked="false" clickable="false" enabled="true" focusable="false" focused="false" long-clickable="false" password="false" scrollable="false" selected="false" bounds="[36,882][1044,929]" displayed="true" /&gt;
                                    &lt;/android.view.View&gt;
                                    &lt;android.widget.ListView index="1" package="com.follow.sakso5.stg" class="android.widget.ListView" text="" checkable="false" checked="false" clickable="false" enabled="true" focusable="false" focused="false" long-clickable="false" password="false" scrollable="false" selected="false" bounds="[36,968][1044,1404]" displayed="true"&gt;
                                      &lt;android.view.View index="0" package="com.follow.sakso5.stg" class="android.view.View" text="" checkable="false" checked="false" clickable="false" enabled="true" focusable="false" focused="false" long-clickable="false" password="false" scrollable="false" selected="false" bounds="[36,968][1044,1057]" displayed="true"&gt;
                                        &lt;android.view.View index="0" package="com.follow.sakso5.stg" class="android.view.View" text="" content-desc="Gucci in Beauty" checkable="false" checked="false" clickable="true" enabled="true" focusable="true" focused="false" long-clickable="false" password="false" scrollable="false" selected="false" bounds="[36,968][1044,1057]" displayed="true"&gt;
                                          &lt;android.widget.TextView index="0" package="com.follow.sakso5.stg" class="android.widget.TextView" text="Gucci " checkable="false" checked="false" clickable="false" enabled="true" focusable="false" focused="false" long-clickable="false" password="false" scrollable="false" selected="false" bounds="[36,989][144,1036]" displayed="true" /&gt;
                                          &lt;android.widget.TextView index="1" package="com.follow.sakso5.stg" class="android.widget.TextView" text="in Beauty" checkable="false" checked="false" clickable="false" enabled="true" focusable="false" focused="false" long-clickable="false" password="false" scrollable="false" selected="false" bounds="[141,989][296,1036]" displayed="true" /&gt;
                                        &lt;/android.view.View&gt;
                                      &lt;/android.view.View&gt;
                                      &lt;android.view.View index="1" package="com.follow.sakso5.stg" class="android.view.View" text="" checkable="false" checked="false" clickable="false" enabled="true" focusable="false" focused="false" long-clickable="false" password="false" scrollable="false" selected="false" bounds="[36,1055][1044,1144]" displayed="true"&gt;
                                        &lt;android.view.View index="0" package="com.follow.sakso5.stg" class="android.view.View" text="" content-desc="Gucci in Jewelry &amp;amp; Accessories" checkable="false" checked="false" clickable="true" enabled="true" focusable="true" focused="false" long-clickable="false" password="false" scrollable="false" selected="false" bounds="[36,1055][1044,1144]" displayed="true"&gt;
                                          &lt;android.widget.TextView index="0" package="com.follow.sakso5.stg" class="android.widget.TextView" text="Gucci " checkable="false" checked="false" clickable="false" enabled="true" focusable="false" focused="false" long-clickable="false" password="false" scrollable="false" selected="false" bounds="[36,1076][144,1123]" displayed="true" /&gt;
                                          &lt;android.widget.TextView index="1" package="com.follow.sakso5.stg" class="android.widget.TextView" text="in Jewelry &amp;amp; Accessories" checkable="false" checked="false" clickable="false" enabled="true" focusable="false" focused="false" long-clickable="false" password="false" scrollable="false" selected="false" bounds="[141,1076][543,1123]" displayed="true" /&gt;
                                        &lt;/android.view.View&gt;
                                      &lt;/android.view.View&gt;
                                      &lt;android.view.View index="2" package="com.follow.sakso5.stg" class="android.view.View" text="" checkable="false" checked="false" clickable="false" enabled="true" focusable="false" focused="false" long-clickable="false" password="false" scrollable="false" selected="false" bounds="[36,1141][1044,1231]" displayed="true"&gt;
                                        &lt;android.view.View index="0" package="com.follow.sakso5.stg" class="android.view.View" text="" content-desc="Gucci in Men" checkable="false" checked="false" clickable="true" enabled="true" focusable="true" focused="false" long-clickable="false" password="false" scrollable="false" selected="false" bounds="[36,1141][1044,1231]" displayed="true"&gt;
                                          &lt;android.widget.TextView index="0" package="com.follow.sakso5.stg" class="android.widget.TextView" text="Gucci " checkable="false" checked="false" clickable="false" enabled="true" focusable="false" focused="false" long-clickable="false" password="false" scrollable="false" selected="false" bounds="[36,1162][144,1210]" displayed="true" /&gt;
                                          &lt;android.widget.TextView index="1" package="com.follow.sakso5.stg" class="android.widget.TextView" text="in Men" checkable="false" checked="false" clickable="false" enabled="true" focusable="false" focused="false" long-clickable="false" password="false" scrollable="false" selected="false" bounds="[141,1162][249,1210]" displayed="true" /&gt;
                                        &lt;/android.view.View&gt;
                                      &lt;/android.view.View&gt;
                                      &lt;android.view.View index="3" package="com.follow.sakso5.stg" class="android.view.View" text="" checkable="false" checked="false" clickable="false" enabled="true" focusable="false" focused="false" long-clickable="false" password="false" scrollable="false" selected="false" bounds="[36,1228][1044,1317]" displayed="true"&gt;
                                        &lt;android.view.View index="0" package="com.follow.sakso5.stg" class="android.view.View" text="" content-desc="Vintage Gucci in Handbags" checkable="false" checked="false" clickable="true" enabled="true" focusable="true" focused="false" long-clickable="false" password="false" scrollable="false" selected="false" bounds="[36,1228][1044,1317]" displayed="true"&gt;
                                          &lt;android.widget.TextView index="0" package="com.follow.sakso5.stg" class="android.widget.TextView" text="Vintage Gucci " checkable="false" checked="false" clickable="false" enabled="true" focusable="false" focused="false" long-clickable="false" password="false" scrollable="false" selected="false" bounds="[36,1249][286,1294]" displayed="true" /&gt;
                                          &lt;android.widget.TextView index="1" package="com.follow.sakso5.stg" class="android.widget.TextView" text="in Handbags" checkable="false" checked="false" clickable="false" enabled="true" focusable="false" focused="false" long-clickable="false" password="false" scrollable="false" selected="false" bounds="[283,1249][488,1294]" displayed="true" /&gt;
                                        &lt;/android.view.View&gt;
                                      &lt;/android.view.View&gt;
                                      &lt;android.view.View index="4" package="com.follow.sakso5.stg" class="android.view.View" text="" checkable="false" checked="false" clickable="false" enabled="true" focusable="false" focused="false" long-clickable="false" password="false" scrollable="false" selected="false" bounds="[36,1312][1044,1404]" displayed="true"&gt;
                                        &lt;android.view.View index="0" package="com.follow.sakso5.stg" class="android.view.View" text="" content-desc="Vintage Gucci in Jewelry &amp;amp; Accessories" checkable="false" checked="false" clickable="true" enabled="true" focusable="true" focused="false" long-clickable="false" password="false" scrollable="false" selected="false" bounds="[36,1312][1044,1404]" displayed="true"&gt;
                                          &lt;android.widget.TextView index="0" package="com.follow.sakso5.stg" class="android.widget.TextView" text="Vintage Gucci " checkable="false" checked="false" clickable="false" enabled="true" focusable="false" focused="false" long-clickable="false" password="false" scrollable="false" selected="false" bounds="[36,1333][286,1383]" displayed="true" /&gt;
                                          &lt;android.widget.TextView index="1" package="com.follow.sakso5.stg" class="android.widget.TextView" text="in Jewelry &amp;amp; Accessories" checkable="false" checked="false" clickable="false" enabled="true" focusable="false" focused="false" long-clickable="false" password="false" scrollable="false" selected="false" bounds="[283,1333][682,1383]" displayed="true" /&gt;
                                        &lt;/android.view.View&gt;
                                      &lt;/android.view.View&gt;
                                    &lt;/android.widget.ListView&gt;
                                  &lt;/android.view.View&gt;
                                  &lt;android.view.View index="2" package="com.follow.sakso5.stg" class="android.view.View" text="" checkable="false" checked="false" clickable="false" enabled="true" focusable="false" focused="false" long-clickable="false" password="false" scrollable="false" selected="false" bounds="[0,1472][1080,1649]" displayed="true"&gt;
                                    &lt;android.view.View index="0" package="com.follow.sakso5.stg" class="android.view.View" text="" checkable="false" checked="false" clickable="false" enabled="true" focusable="false" focused="false" long-clickable="false" password="false" scrollable="false" selected="false" bounds="[36,1527][1044,1575]" displayed="true"&gt;
                                      &lt;android.view.View index="0" package="com.follow.sakso5.stg" class="android.view.View" text="POPULAR SEARCHES" checkable="false" checked="false" clickable="false" enabled="true" focusable="false" focused="false" long-clickable="false" password="false" scrollable="false" selected="false" bounds="[36,1527][1044,1575]" displayed="true" /&gt;
                                    &lt;/android.view.View&gt;
                                    &lt;android.widget.ListView index="1" package="com.follow.sakso5.stg" class="android.widget.ListView" text="" checkable="false" checked="false" clickable="false" enabled="true" focusable="false" focused="false" long-clickable="false" password="false" scrollable="false" selected="false" bounds="[36,1614][1044,1649]" displayed="true"&gt;
                                      &lt;android.view.View index="0" package="com.follow.sakso5.stg" class="android.view.View" text="" checkable="false" checked="false" clickable="false" enabled="true" focusable="false" focused="false" long-clickable="false" password="false" scrollable="false" selected="false" bounds="[36,1614][1044,1649]" displayed="true"&gt;
                                        &lt;android.view.View index="0" package="com.follow.sakso5.stg" class="android.view.View" text="" content-desc="missoni" checkable="false" checked="false" clickable="true" enabled="true" focusable="true" focused="false" long-clickable="false" password="false" scrollable="false" selected="false" bounds="[36,1614][1044,1649]" displayed="true"&gt;
                                          &lt;android.widget.TextView index="0" package="com.follow.sakso5.stg" class="android.widget.TextView" text="missoni" checkable="false" checked="false" clickable="false" enabled="true" focusable="false" focused="false" long-clickable="false" password="false" scrollable="false" selected="false" bounds="[36,1635][170,1649]" displayed="true" /&gt;
                                        &lt;/android.view.View&gt;
                                      &lt;/android.view.View&gt;
                                    &lt;/android.widget.ListView&gt;
                                  &lt;/android.view.View&gt;
                                &lt;/android.view.View&gt;
                              &lt;/android.view.View&gt;
                              &lt;android.view.View index="11" package="com.follow.sakso5.stg" class="android.view.View" text="" checkable="false" checked="false" clickable="true" enabled="true" focusable="false" focused="false" long-clickable="false" password="false" scrollable="false" selected="false" bounds="[0,210][1080,270]" displayed="true" /&gt;
                            &lt;/android.view.View&gt;
                          &lt;/android.webkit.WebView&gt;
                        &lt;/android.webkit.WebView&gt;
                      &lt;/android.view.ViewGroup&gt;
                    &lt;/android.widget.FrameLayout&gt;
                    &lt;android.widget.LinearLayout index="3" package="com.follow.sakso5.stg" class="android.widget.LinearLayout" text="" resource-id="com.follow.sakso5.stg:id/feature_container_top_left" checkable="false" checked="false" clickable="false" enabled="true" focusable="false" focused="false" long-clickable="false" password="false" scrollable="false" selected="false" bounds="[0,210][42,252]" displayed="true" /&gt;
                    &lt;android.widget.LinearLayout index="4" package="com.follow.sakso5.stg" class="android.widget.LinearLayout" text="" resource-id="com.follow.sakso5.stg:id/feature_container_top_right" checkable="false" checked="false" clickable="false" enabled="true" focusable="false" focused="false" long-clickable="false" password="false" scrollable="false" selected="false" bounds="[1038,210][1080,252]" displayed="true" /&gt;
                    &lt;android.widget.LinearLayout index="5" package="com.follow.sakso5.stg" class="android.widget.LinearLayout" text="" resource-id="com.follow.sakso5.stg:id/feature_container_bottom_left" checkable="false" checked="false" clickable="false" enabled="true" focusable="false" focused="false" long-clickable="false" password="false" scrollable="false" selected="false" bounds="[0,1605][42,1647]" displayed="true" /&gt;
                    &lt;android.widget.LinearLayout index="6" package="com.follow.sakso5.stg" class="android.widget.LinearLayout" text="" resource-id="com.follow.sakso5.stg:id/feature_container_bottom_right" checkable="false" checked="false" clickable="false" enabled="true" focusable="false" focused="false" long-clickable="false" password="false" scrollable="false" selected="false" bounds="[1038,1605][1080,1647]" displayed="true" /&gt;
                  &lt;/android.view.ViewGroup&gt;
                &lt;/androidx.drawerlayout.widget.DrawerLayout&gt;
              &lt;/android.widget.FrameLayout&gt;
              &lt;android.widget.FrameLayout index="4" package="com.follow.sakso5.stg" class="android.widget.FrameLayout" text="" resource-id="com.follow.sakso5.stg:id/bottomContainer" checkable="false" checked="false" clickable="false" enabled="true" focusable="false" focused="false" long-clickable="false" password="false" scrollable="false" selected="false" bounds="[0,1647][1080,1794]" displayed="true"&gt;
                &lt;android.widget.FrameLayout index="0" package="com.follow.sakso5.stg" class="android.widget.FrameLayout" text="" resource-id="com.follow.sakso5.stg:id/tabBar" checkable="false" checked="false" clickable="false" enabled="true" focusable="false" focused="false" long-clickable="false" password="false" scrollable="false" selected="false" bounds="[0,1647][1080,1794]" displayed="true"&gt;
                  &lt;android.view.View index="0" package="com.follow.sakso5.stg" class="android.view.View" text="" checkable="false" checked="false" clickable="false" enabled="true" focusable="false" focused="false" long-clickable="false" password="false" scrollable="false" selected="false" bounds="[0,1647][1080,1794]" displayed="true" /&gt;
                  &lt;android.widget.LinearLayout index="1" package="com.follow.sakso5.stg" class="android.widget.LinearLayout" text="" checkable="false" checked="false" clickable="false" enabled="true" focusable="false" focused="false" long-clickable="false" password="false" scrollable="false" selected="false" bounds="[0,1647][1080,1794]" displayed="true"&gt;
                    &lt;android.widget.FrameLayout index="0" package="com.follow.sakso5.stg" class="android.widget.FrameLayout" text="" resource-id="com.follow.sakso5.stg:id/bottom_navigation_container" checkable="false" checked="false" clickable="true" enabled="true" focusable="true" focused="false" long-clickable="false" password="false" scrollable="false" selected="false" bounds="[0,1647][216,1794]" displayed="true"&gt;
                      &lt;android.widget.ImageView index="0" package="com.follow.sakso5.stg" class="android.widget.ImageView" text="" resource-id="com.follow.sakso5.stg:id/bottom_navigation_item_icon" checkable="false" checked="false" clickable="false" enabled="true" focusable="false" focused="false" long-clickable="false" password="false" scrollable="false" selected="false" bounds="[76,1668][139,1731]" displayed="true" /&gt;
                      &lt;android.widget.TextView index="2" package="com.follow.sakso5.stg" class="android.widget.TextView" text="Home" resource-id="com.follow.sakso5.stg:id/bottom_navigation_item_title" checkable="false" checked="false" clickable="false" enabled="true" focusable="false" focused="false" long-clickable="false" password="false" scrollable="false" selected="false" bounds="[0,1733][216,1776]" displayed="true" /&gt;
                    &lt;/android.widget.FrameLayout&gt;
                    &lt;android.widget.FrameLayout index="1" package="com.follow.sakso5.stg" class="android.widget.FrameLayout" text="" resource-id="com.follow.sakso5.stg:id/bottom_navigation_container" checkable="false" checked="false" clickable="true" enabled="true" focusable="true" focused="false" long-clickable="false" password="false" scrollable="false" selected="false" bounds="[216,1647][432,1794]" displayed="true"&gt;
                      &lt;android.widget.ImageView index="0" package="com.follow.sakso5.stg" class="android.widget.ImageView" text="" resource-id="com.follow.sakso5.stg:id/bottom_navigation_item_icon" checkable="false" checked="false" clickable="false" enabled="true" focusable="false" focused="false" long-clickable="false" password="false" scrollable="false" selected="false" bounds="[292,1668][355,1731]" displayed="true" /&gt;
                      &lt;android.widget.TextView index="2" package="com.follow.sakso5.stg" class="android.widget.TextView" text="Shop" resource-id="com.follow.sakso5.stg:id/bottom_navigation_item_title" checkable="false" checked="false" clickable="false" enabled="true" focusable="false" focused="false" long-clickable="false" password="false" scrollable="false" selected="false" bounds="[216,1733][432,1776]" displayed="true" /&gt;
                    &lt;/android.widget.FrameLayout&gt;
                    &lt;android.widget.FrameLayout index="2" package="com.follow.sakso5.stg" class="android.widget.FrameLayout" text="" resource-id="com.follow.sakso5.stg:id/bottom_navigation_container" checkable="false" checked="false" clickable="true" enabled="true" focusable="true" focused="false" long-clickable="false" password="false" scrollable="false" selected="false" bounds="[432,1647][648,1794]" displayed="true"&gt;
                      &lt;android.widget.ImageView index="0" package="com.follow.sakso5.stg" class="android.widget.ImageView" text="" resource-id="com.follow.sakso5.stg:id/bottom_navigation_item_icon" checkable="false" checked="false" clickable="false" enabled="true" focusable="false" focused="false" long-clickable="false" password="false" scrollable="false" selected="true" bounds="[508,1662][571,1725]" displayed="true" /&gt;
                      &lt;android.widget.TextView index="2" package="com.follow.sakso5.stg" class="android.widget.TextView" text="Search" resource-id="com.follow.sakso5.stg:id/bottom_navigation_item_title" checkable="false" checked="false" clickable="false" enabled="true" focusable="false" focused="false" long-clickable="false" password="false" scrollable="false" selected="false" bounds="[432,1733][648,1776]" displayed="true" /&gt;
                    &lt;/android.widget.FrameLayout&gt;
                    &lt;android.widget.FrameLayout index="3" package="com.follow.sakso5.stg" class="android.widget.FrameLayout" text="" resource-id="com.follow.sakso5.stg:id/bottom_navigation_container" checkable="false" checked="false" clickable="true" enabled="true" focusable="true" focused="false" long-clickable="false" password="false" scrollable="false" selected="false" bounds="[648,1647][864,1794]" displayed="true"&gt;
                      &lt;android.widget.ImageView index="0" package="com.follow.sakso5.stg" class="android.widget.ImageView" text="" resource-id="com.follow.sakso5.stg:id/bottom_navigation_item_icon" checkable="false" checked="false" clickable="false" enabled="true" focusable="false" focused="false" long-clickable="false" password="false" scrollable="false" selected="false" bounds="[724,1668][787,1731]" displayed="true" /&gt;
                      &lt;android.widget.TextView index="2" package="com.follow.sakso5.stg" class="android.widget.TextView" text="Account" resource-id="com.follow.sakso5.stg:id/bottom_navigation_item_title" checkable="false" checked="false" clickable="false" enabled="true" focusable="false" focused="false" long-clickable="false" password="false" scrollable="false" selected="false" bounds="[648,1733][864,1776]" displayed="true" /&gt;
                    &lt;/android.widget.FrameLayout&gt;
                    &lt;android.widget.FrameLayout index="4" package="com.follow.sakso5.stg" class="android.widget.FrameLayout" text="" resource-id="com.follow.sakso5.stg:id/bottom_navigation_container" checkable="false" checked="false" clickable="true" enabled="true" focusable="true" focused="false" long-clickable="false" password="false" scrollable="false" selected="false" bounds="[864,1647][1080,1794]" displayed="true"&gt;
                      &lt;android.widget.ImageView index="0" package="com.follow.sakso5.stg" class="android.widget.ImageView" text="" resource-id="com.follow.sakso5.stg:id/bottom_navigation_item_icon" checkable="false" checked="false" clickable="false" enabled="true" focusable="false" focused="false" long-clickable="false" password="false" scrollable="false" selected="false" bounds="[940,1668][1003,1731]" displayed="true" /&gt;
                      &lt;android.widget.TextView index="2" package="com.follow.sakso5.stg" class="android.widget.TextView" text="Bag" resource-id="com.follow.sakso5.stg:id/bottom_navigation_item_title" checkable="false" checked="false" clickable="false" enabled="true" focusable="false" focused="false" long-clickable="false" password="false" scrollable="false" selected="false" bounds="[864,1733][1080,1776]" displayed="true" /&gt;
                    &lt;/android.widget.FrameLayout&gt;
                  &lt;/android.widget.LinearLayout&gt;
                &lt;/android.widget.FrameLayout&gt;
              &lt;/android.widget.FrameLayout&gt;
            &lt;/android.view.ViewGroup&gt;
          &lt;/android.widget.FrameLayout&gt;
        &lt;/android.widget.LinearLayout&gt;
      &lt;/android.widget.FrameLayout&gt;
    &lt;/android.widget.LinearLayout&gt;
  &lt;/android.widget.FrameLayout&gt;
&lt;/hierarchy&gt;</msg>
<status status="PASS" starttime="20210804 20:49:25.054" endtime="20210804 20:49:25.421"/>
</kw>
<status status="PASS" starttime="20210804 20:47:59.858" endtime="20210804 20:49:25.421"/>
</kw>
<kw name="Capture Page Screenshot" library="AppiumLibrary">
<arg>ps02.png</arg>
<doc>Takes a screenshot of the current page and embeds it into the log.</doc>
<msg timestamp="20210804 20:49:25.795" level="INFO" html="true">&lt;/td&gt;&lt;/tr&gt;&lt;tr&gt;&lt;td colspan="3"&gt;&lt;a href="ps02.png"&gt;&lt;img src="ps02.png" width="800px"&gt;&lt;/a&gt;</msg>
<status status="PASS" starttime="20210804 20:49:25.422" endtime="20210804 20:49:25.795"/>
</kw>
<tag>PS_TC02</tag>
<status status="PASS" starttime="20210804 20:47:40.896" endtime="20210804 20:49:25.795"/>
</test>
<status status="PASS" starttime="20210804 20:47:40.459" endtime="20210804 20:49:25.797"/>
</suite>
<status status="PASS" starttime="20210804 20:47:40.456" endtime="20210804 20:49:25.800"/>
</suite>
<status status="PASS" starttime="20210804 20:47:40.424" endtime="20210804 20:49:25.803"/>
</suite>
<statistics>
<total>
<stat pass="1" fail="0" skip="0">All Tests</stat>
</total>
<tag>
<stat pass="1" fail="0" skip="0">PS_TC02</stat>
</tag>
<suite>
<stat pass="1" fail="0" skip="0" id="s1" name="Regression">Regression</stat>
<stat pass="1" fail="0" skip="0" id="s1-s1" name="CriticalRegression">Regression.CriticalRegression</stat>
<stat pass="1" fail="0" skip="0" id="s1-s1-s1" name="02 ProductSearch">Regression.CriticalRegression.02 ProductSearch</stat>
</suite>
</statistics>
<errors>
<msg timestamp="20210804 20:47:40.890" level="WARN">Imported resource file 'E:\RF Code\Mobile-App-TestAutomation-Off5\OFF5th_RobotFramework\Resources\common_page_objects\productsearch.robot' is empty.</msg>
</errors>
</robot>
